<?xml version="1.0" encoding="UTF-8"?>
<!-- Generated by org.testng.reporters.JUnitReportReporter -->
<testsuite hostname="DESKTOP-VGPER08" name="com.testNG.NewTest" tests="1" failures="0" timestamp="20 May 2019 17:02:10 GMT" time="0.035" errors="0">
  <testcase name="f" time="0.035" classname="com.testNG.NewTest"/>
</testsuite> <!-- com.testNG.NewTest -->
