<?xml version="1.0" encoding="UTF-8"?>
<!-- Generated by org.testng.reporters.JUnitReportReporter -->
<testsuite hostname="DESKTOP-VGPER08" name="com.testNG.NewTest" tests="1" failures="0" timestamp="18 May 2019 11:50:21 GMT" time="0.007" errors="0">
  <testcase name="f" time="0.007" classname="com.testNG.NewTest"/>
</testsuite> <!-- com.testNG.NewTest -->
